<?xml version="1.0" encoding="UTF-8"?>
<!-- Generated by org.testng.reporters.JUnitXMLReporter -->
<testsuite ignored="0" hostname="DESKTOP-SNSKR4H" failures="0" tests="2" name="EdgeTest" time="3.808" errors="0" timestamp="2025-07-05T11:01:47 IST">
  <testcase classname="testCase.TC001_AddCourse" name="VerifyAddPckage" time="0.0">
    <skipped/>
  </testcase> <!-- VerifyAddPckage -->
  <testcase classname="testCase.TC001_AddCourse" name="VerifyAddUnit" time="0.0">
    <skipped/>
  </testcase> <!-- VerifyAddUnit -->
</testsuite> <!-- EdgeTest -->
