<?xml version="1.0" encoding="UTF-8"?>
<!-- Generated by org.testng.reporters.JUnitXMLReporter -->
<testsuite ignored="0" hostname="DESKTOP-SNSKR4H" failures="0" tests="4" name="Test" time="51.378" errors="0" timestamp="2025-08-01T16:17:01 IST">
  <testcase classname="testCase.TC001_AddCourse" name="VerifyAddCOurse" time="9.199"/>
  <testcase classname="testCase.TC001_AddCourse" name="VerifyAddPckage" time="11.942"/>
  <testcase classname="testCase.TC001_AddCourse" name="VerifyAddUnit" time="6.992"/>
  <testcase classname="testCase.TC001_AddCourse" name="VerifyAddLesson" time="1.988"/>
</testsuite> <!-- Test -->
